{"timestamp":"2026-02-20T06:13:51.297Z","sessionId":"b2a741cc-6899-459c-badb-384fa203f49d","action":"window_info","command":"2210ae76cfd73bf699f86d9ba54771d6:bfa8ec4ed3cce70e0fbd105add4d48c7","riskLevel":"low","success":true,"executionTime":1}
{"timestamp":"2026-02-20T06:16:33.734Z","sessionId":"26a16282-4bfa-4bf2-acf6-f6fca1ab0378","action":"window_info","command":"dbe60b99d19026f93d309f8b5370ef36:ea5d0e00f02e140d60f765a61f1c9989","riskLevel":"low","success":true,"executionTime":1}
{"timestamp":"2026-02-20T06:17:56.018Z","sessionId":"1eed5663-df75-469b-ab22-3f97e2f9a86c","action":"window_info","command":"d249ff04b0a4f5a17d4a7792ebee6816:ffd72d064d7066a0ca65d7882e4b898f","riskLevel":"low","success":true,"executionTime":0}
{"timestamp":"2026-02-20T06:18:14.604Z","sessionId":"e463d6df-41b9-4841-a549-79008cd9bcc1","action":"screenshot","command":"1f2647e3420567dc53f4cccfc232b367:0ef665ba0ace695f3dbdf665d955a1ec","riskLevel":"low","success":true,"executionTime":1}
{"timestamp":"2026-02-20T06:37:53.521Z","sessionId":"7f726505-f5a9-4ca2-a745-30ccd9d3c429","action":"window_info","command":"50a645641144463029e72b11640f9fb1:898c0833f3096f6eb2039d07ed091f75","riskLevel":"low","success":true,"executionTime":1}
{"timestamp":"2026-02-20T06:38:04.325Z","sessionId":"d5d71e87-587d-4abf-8a9f-4aa251cbeee8","action":"screenshot","command":"839a42d51abfbdc7c33e8164b7801c3b:84bf55d3a295c6107d325eab6db93ad4","riskLevel":"low","success":true,"executionTime":1}
{"timestamp":"2026-02-20T06:41:17.477Z","sessionId":"a90fdf13-1130-43f9-af9f-415ede4c822f","action":"screenshot","command":"0a152805490bc434365ed857995dce8a:fdd0e2252767c1ce0f4a5a4e65306631","riskLevel":"low","success":true,"executionTime":1}
{"timestamp":"2026-02-20T06:41:41.433Z","sessionId":"2e757767-9a78-4126-b5cf-5aa630af5da8","action":"command","command":"a90ceecbd68e46ad4254310df23dc999:2d0e78ae957db021ab1c3020b2f05800","riskLevel":"low","success":true,"executionTime":1}
{"timestamp":"2026-02-20T06:41:45.819Z","sessionId":"5e85d0a1-0836-46b3-b78c-0c571beb6600","action":"screenshot","command":"8a032f96a22df314d108776d8fdfe335:bfcf117419e25f19a079205ce697b657","riskLevel":"low","success":true,"executionTime":0}
{"timestamp":"2026-02-20T06:41:55.773Z","sessionId":"ec1a37ba-69dd-422e-93ea-cf2521d25d38","action":"command","command":"d8507a7e627b075fef0bee9206b69c71:db88aa7fa2f7d8b39af7b734f10e8094","riskLevel":"low","success":true,"executionTime":1}
{"timestamp":"2026-02-20T06:42:00.631Z","sessionId":"3c065225-6278-4145-ad59-df3d9c911657","action":"screenshot","command":"af53780af603a98248581e5314577f94:76de4038d7e21413899cb27d7c4798ce","riskLevel":"low","success":true,"executionTime":0}
{"timestamp":"2026-02-20T06:42:10.600Z","sessionId":"ce4b7a5e-d8ac-4ed3-b418-fc1c1370c0e6","action":"command","command":"feaf9c16024b05ba75abc6ba57175d0c:589df6d944ffff0d1ac4a1a6e532aa89","riskLevel":"low","success":true,"executionTime":0}
{"timestamp":"2026-02-20T06:45:10.690Z","sessionId":"86cd3f20-8459-47a8-8a69-22bfad716dbb","action":"command","command":"05aa085bed7ba4452037214088a395e8:15a83eba35c2c67a434a8665e3c31b82","riskLevel":"low","success":true,"executionTime":0}
{"timestamp":"2026-02-20T06:45:18.783Z","sessionId":"bdcb5109-958f-4991-8324-dfda782195be","action":"command","command":"a731cd1197eb1aae74c7c354a8ecfd46:a49827f5494d55a29d5c29e5fae5671f","riskLevel":"low","success":true,"executionTime":0}
{"timestamp":"2026-02-20T06:45:24.590Z","sessionId":"f9bb4d8c-d801-4c5d-8647-9a6572e365de","action":"command","command":"a18c94d61666332c1b0750180164ee52:2fbf22c443d0f1460f6fa8176931d79f","riskLevel":"low","success":true,"executionTime":1}
{"timestamp":"2026-02-20T06:45:32.842Z","sessionId":"53b3a82f-c4bf-4d1b-b5ae-b9663cf32649","action":"command","command":"b3346354f150c0f0c0d48eb20dbb018f:f5622c90744d83413ac7a68a9438956e","riskLevel":"low","success":true,"executionTime":0}
{"timestamp":"2026-02-20T06:45:37.170Z","sessionId":"fffc0a04-6ca1-4e29-a3a4-eb5b486d1597","action":"screenshot","command":"e9f88ce481cc244909c2f2c502e511ef:08d924d87b956692544922952182fb5f","riskLevel":"low","success":true,"executionTime":0}
{"timestamp":"2026-02-20T06:45:45.544Z","sessionId":"4c4f0fee-c98f-4537-b266-5c275b5025e9","action":"command","command":"1b2f72b5955e4e03efa00d344ca9830f:ebd3cb7fb73e58d8da3f7cdfbda49482","riskLevel":"low","success":true,"executionTime":0}
{"timestamp":"2026-02-20T06:45:50.591Z","sessionId":"4acf81db-8ae6-40f8-ba8c-baf108c4962e","action":"screenshot","command":"bb521070eddf1cf21614542aae825182:06f59482735bdbb7adcc20795cf8c2ac","riskLevel":"low","success":true,"executionTime":0}
{"timestamp":"2026-02-20T06:45:56.911Z","sessionId":"a8fd2fca-c530-40ef-b6c8-2418b450750b","action":"command","command":"2d12405bc7555383a8242695b6ab9be7:2fdcce244806ff3315fc42d7ab5c72de","riskLevel":"low","success":true,"executionTime":0}
{"timestamp":"2026-02-20T06:46:02.254Z","sessionId":"f9356818-7125-4ce7-a4db-20f597ed4774","action":"screenshot","command":"fd9acb91ad0942c3d0011b476c411b19:7e0c97d2b43d446287679fee9be03bc0","riskLevel":"low","success":true,"executionTime":0}
{"timestamp":"2026-02-20T06:46:09.019Z","sessionId":"9ca10df7-8f2c-47bb-bbcf-f7fd6296b594","action":"command","command":"301057e01effb1ff66b58fcd38624fcd:9873c7b8e20f8dddce1577246c121e1b999e5b56774f5ce92a69a5ab8dd1661f","riskLevel":"low","success":true,"executionTime":1}
{"timestamp":"2026-02-20T06:46:14.316Z","sessionId":"b47a644a-5b33-4e78-b6dc-298198ab9b99","action":"screenshot","command":"873c73b58071460df66433d85bd9c68e:cf80e32b003a8df120dbea9e0eb0e43e","riskLevel":"low","success":true,"executionTime":0}
{"timestamp":"2026-02-20T06:46:26.711Z","sessionId":"7a7bcd9d-65c8-488f-92c4-96f5e5d2be21","action":"command","command":"1d5d58d36479954df1863662d7748565:075e57611765a69bd18c245932dbb37e","riskLevel":"low","success":true,"executionTime":1}
{"timestamp":"2026-02-20T06:46:49.858Z","sessionId":"b6ae0b56-fe1a-444c-bee1-07271b4a3c4c","action":"command","command":"842a7af8d8af084135610527d3553c29:0c7b0675f0b7381e55be05775b854865","riskLevel":"low","success":true,"executionTime":0}
{"timestamp":"2026-02-20T06:46:55.717Z","sessionId":"2bd19473-b398-42fa-b193-0b5c8ae6df08","action":"command","command":"3af09994eb611fd9efbeaa9ccd7f1443:a39db868e765e01e62055d6c15a09b5e","riskLevel":"low","success":true,"executionTime":1}
{"timestamp":"2026-02-20T06:47:01.093Z","sessionId":"17f88ed1-ecec-4cb3-8a70-a264d7af84e1","action":"command","command":"3468cbc0d3daaf9a21c61c839d9504e8:21873c3b5e12aba1a272ce125b05266caf97f8c863b65125161172fc4fd9f72b","riskLevel":"low","success":true,"executionTime":0}
{"timestamp":"2026-02-20T06:47:05.681Z","sessionId":"7393941c-b289-4fe7-b02f-c668b5338636","action":"screenshot","command":"40f55f66caf60b9f8a900f0010a2fc02:d25bdde5b2964447f0d1e49aa5669f55","riskLevel":"low","success":true,"executionTime":0}
{"timestamp":"2026-02-20T06:47:13.370Z","sessionId":"9ad0beb6-b32b-46c2-a830-babfca0ced3a","action":"command","command":"385801e59c69bb2f4556d0adb1d8f4f8:653a07c46cb4423f9585508e85815963","riskLevel":"low","success":true,"executionTime":0}
{"timestamp":"2026-02-20T06:47:22.953Z","sessionId":"85ea2b8b-ca09-4f54-b4d8-9d093c74232a","action":"command","command":"15dfd042c12f2843df1906d251819243:a00fea36f33ca51d99f6867138ea94b6","riskLevel":"low","success":true,"executionTime":0}
{"timestamp":"2026-02-20T06:47:28.596Z","sessionId":"38ae0fa5-ca0a-40c3-ad66-2ca57de02723","action":"screenshot","command":"021d901a6578e145bc2d8d7fe35e740c:f9a7efd23fbcb241a470029bcb2c181f","riskLevel":"low","success":true,"executionTime":0}
{"timestamp":"2026-02-20T06:47:36.439Z","sessionId":"ec1ea52a-c382-420b-9a07-a1f553929139","action":"command","command":"ef4ef2b74df17af6d2cb45ed098628c4:d37965cae284d09a823c89b7fbe6f527","riskLevel":"low","success":true,"executionTime":0}
{"timestamp":"2026-02-20T06:47:42.512Z","sessionId":"b8dcaf6e-0007-4685-bfde-dc0e8af708f4","action":"command","command":"fe488a155b793e6021caa1dd2f9b34f4:71a7bc3a6a2308b73d3f67e04f3d02f0","riskLevel":"low","success":true,"executionTime":0}
{"timestamp":"2026-02-20T06:47:49.883Z","sessionId":"d6fdda0f-2be5-4559-b0c1-a5652cd9906e","action":"command","command":"0602e34804cc2097d7ae55f85c53e667:4fc36cc22118a1f6a9a5f76385d705cb","riskLevel":"low","success":true,"executionTime":0}
{"timestamp":"2026-02-20T06:47:55.603Z","sessionId":"dac760d2-9be5-4900-bfc6-2af98ce0dbdc","action":"command","command":"d34bb68390eb08de5eca3fec681efc64:0a9ef84dd250bb8469252e8a11079924","riskLevel":"low","success":true,"executionTime":0}
{"timestamp":"2026-02-20T06:48:06.104Z","sessionId":"f40518e9-d7c7-4bc1-83a3-8054ba049195","action":"command","command":"958da82c05d7b677f66bf094c5eb2192:3dec918dee1cbec2c81f4e93fa517195","riskLevel":"low","success":true,"executionTime":0}
{"timestamp":"2026-02-20T06:48:13.666Z","sessionId":"88d36699-8927-4415-957a-fe313a1d2c0a","action":"command","command":"8cca33c29241abe7ae4ea51e21b32618:9733f709cd98e9643d9f41bcdf7508f9","riskLevel":"low","success":true,"executionTime":0}
{"timestamp":"2026-02-20T06:51:28.505Z","sessionId":"2ac24b65-ff9c-4226-8729-bcb443f697ef","action":"screenshot","command":"3017260a1ec4882c505912f7719e77e5:3fd1aa9415bd9ae9d9f2185d54d209ed","riskLevel":"low","success":true,"executionTime":1}
{"timestamp":"2026-02-20T07:01:15.717Z","sessionId":"738967c6-d274-48ce-b7f8-6cdd63d5887b","action":"command","command":"14a8c83feb60cc79693dc5d0a2767d50:ec18f6c826404f324f6c3c82bc004afb","riskLevel":"low","success":true,"executionTime":1}
{"timestamp":"2026-02-20T07:01:22.722Z","sessionId":"72c1c8c4-6e2d-499a-875b-fb94d61f4e38","action":"command","command":"ac86f76a4effa5ab8b40e5873f4f7fd5:6da41988790919cd2dc1095a7c3449f4","riskLevel":"low","success":true,"executionTime":0}
{"timestamp":"2026-02-20T07:01:29.019Z","sessionId":"ad890752-81bd-41bb-a276-b14a4ae1c353","action":"command","command":"9aac1d6dd7518da978f88cc88690019d:033b8b2a287132c6dcc1e809ee76aba4c27e13bc7bb96e9bde8f6298c4db186a","riskLevel":"low","success":true,"executionTime":0}
{"timestamp":"2026-02-20T07:01:33.929Z","sessionId":"a462e672-0a50-4eff-b198-87fd48de43dd","action":"screenshot","command":"ad74ef51177961767f8df46243c6b93c:dbbf4f5460d6a3a291e8fb8164bb78d8","riskLevel":"low","success":true,"executionTime":0}
{"timestamp":"2026-02-20T07:01:42.477Z","sessionId":"2335c433-e748-4164-9a49-9aa423c32f8a","action":"command","command":"87807a9cea3bc97fc5efaa337a02e8e5:3bdb6267452abfb8c54fd51e473a43a5","riskLevel":"low","success":true,"executionTime":0}
{"timestamp":"2026-02-20T07:01:47.738Z","sessionId":"828c40c5-8d53-4ed9-89d6-d894c7193d78","action":"screenshot","command":"9a850a74647b3d9c337b01dc2c2acce8:7b1e51aa074686d5224da1335b3ed0b2","riskLevel":"low","success":true,"executionTime":0}
{"timestamp":"2026-02-20T07:01:56.280Z","sessionId":"156e7b92-4151-4997-908c-1a76c07e0ca8","action":"command","command":"65c7adc9c11fccbe2bf96b3b36a57284:35df029f5ea3081c8cd29a243fe96f97fbf215a8b114aa6c227ef278e201296c","riskLevel":"low","success":true,"executionTime":0}
{"timestamp":"2026-02-20T07:02:03.615Z","sessionId":"25fe6a0a-33af-4256-a36d-5a47301265e8","action":"command","command":"3764eb3171604d825c87365f4f29c34f:29a5a5d65dfa8c76b21dfa2cb553882f","riskLevel":"low","success":true,"executionTime":0}
{"timestamp":"2026-02-20T07:02:09.154Z","sessionId":"155109ab-c056-45a7-81f4-afa5e3853519","action":"screenshot","command":"d91ffaef2a36a26a1bcf44fb19fdfb29:da52f2548a0e51e7850c4a79b416126c","riskLevel":"low","success":true,"executionTime":0}
{"timestamp":"2026-02-20T07:02:29.390Z","sessionId":"274e5ee2-a081-4e98-88ca-acac30fbf7c7","action":"command","command":"eecf3575b960625048e050a110acd3e7:7d019ca471c94a5f128717dc662e1d2e","riskLevel":"low","success":true,"executionTime":0}
{"timestamp":"2026-02-20T07:02:39.948Z","sessionId":"228bcfc2-3027-45b2-aa2f-a08fc27546fc","action":"screenshot","command":"d7f15db8b42dfbd519c4dbaded91fe67:d64b9035d4d72d27728a0cdb125d3693","riskLevel":"low","success":true,"executionTime":0}
{"timestamp":"2026-02-20T07:02:48.405Z","sessionId":"7d52421e-4446-4be2-a463-358f9f41b284","action":"command","command":"82494ef26896e68ee719a30ae028b3b5:09ffbaae9cb08476178f592373b4c2d3","riskLevel":"low","success":true,"executionTime":0}
{"timestamp":"2026-02-20T07:02:55.554Z","sessionId":"1ec97827-d743-4027-8c26-ff72706a6506","action":"screenshot","command":"137eb563436b249f886ee572af15b41f:64e8981059c59b04937fd08efa33fe1c","riskLevel":"low","success":true,"executionTime":0}
{"timestamp":"2026-02-20T07:07:01.137Z","sessionId":"b141d341-75f2-4a21-91de-722a8dd4c62f","action":"command","command":"3cff1a4314f68a6621e17d41cb580225:9d1b74d8f789ddbf40d94bb9a96cb7eb","riskLevel":"low","success":true,"executionTime":0}
{"timestamp":"2026-02-20T07:07:07.067Z","sessionId":"96e18be6-353b-484c-92d7-7c8993e2f964","action":"screenshot","command":"0eebe11ba0061bba56d4867c6f8869b2:d73b484f626e261d0b112a8d99b48e30","riskLevel":"low","success":true,"executionTime":0}
{"timestamp":"2026-02-20T07:07:17.144Z","sessionId":"cd5be659-076f-4a0d-86d8-f3e5cdad7fd0","action":"command","command":"863d891cfca04a79b8f247ffbff792b3:df8c28077cded2b84f94ed5dfef2efd1fd3d55ba68391eb56b63eb8ccf248bec","riskLevel":"low","success":true,"executionTime":0}
{"timestamp":"2026-02-20T07:07:27.798Z","sessionId":"41f0d529-97ec-4c0d-908f-52061b80bbdd","action":"screenshot","command":"bb2f85973bafc4c5854cf65621bb55c2:879e40be31badc0a0bb1856c671e0c5e","riskLevel":"low","success":true,"executionTime":1}
{"timestamp":"2026-02-20T07:07:40.577Z","sessionId":"eeb2580c-38da-495e-8e8d-081223e71d29","action":"command","command":"ec04246fec0b412b233119084283e49f:becb685a5d09770251456b39b73a7cb4","riskLevel":"low","success":true,"executionTime":0}
{"timestamp":"2026-02-20T07:07:47.792Z","sessionId":"da45749e-a6e1-468a-b3b9-3dfd0a1b897a","action":"screenshot","command":"62286541c046a7e8495410ef305b8a2e:45903ec4a8476803e9bb164b1c21d70b","riskLevel":"low","success":true,"executionTime":0}
{"timestamp":"2026-02-20T07:18:08.937Z","sessionId":"46fcaa67-0736-44b3-8fca-b744778d66bc","action":"screenshot","command":"55d1354998117400f955de9b2a8f2a90:e2d8c1be8cd02450e9c8d3e6013db180","riskLevel":"low","success":true,"executionTime":0}
